<?xml version="1.0" encoding="UTF-8"?>
<testng-results skipped="0" failed="0" ignored="0" total="1" passed="1">
  <reporter-output>
  </reporter-output>
  <suite name="Default suite" duration-ms="119091" started-at="2021-04-12T12:33:48Z" finished-at="2021-04-12T12:35:48Z">
    <groups>
    </groups>
    <test name="Default test" duration-ms="119091" started-at="2021-04-12T12:33:48Z" finished-at="2021-04-12T12:35:48Z">
      <class name="tests.LoginTest">
        <test-method status="PASS" signature="beforeSuite()[pri:0, instance:tests.LoginTest@53b32d7]" name="beforeSuite" is-config="true" duration-ms="25" started-at="2021-04-12T12:33:48Z" finished-at="2021-04-12T12:33:48Z">
          <reporter-output>
          </reporter-output>
        </test-method> <!-- beforeSuite -->
        <test-method status="PASS" signature="setup(java.lang.String)[pri:0, instance:tests.LoginTest@53b32d7]" name="setup" is-config="true" duration-ms="4836" started-at="2021-04-12T12:33:48Z" finished-at="2021-04-12T12:33:53Z">
          <params>
            <param index="0">
              <value>
                <![CDATA[chrome]]>
              </value>
            </param>
          </params>
          <reporter-output>
          </reporter-output>
        </test-method> <!-- setup -->
        <test-method status="PASS" signature="testLoginPage()[pri:0, instance:tests.LoginTest@53b32d7]" name="testLoginPage" duration-ms="114226" started-at="2021-04-12T12:33:53Z" finished-at="2021-04-12T12:35:48Z">
          <reporter-output>
          </reporter-output>
        </test-method> <!-- testLoginPage -->
        <test-method status="PASS" signature="afterSuite()[pri:0, instance:tests.LoginTest@53b32d7]" name="afterSuite" is-config="true" duration-ms="1294" started-at="2021-04-12T12:35:48Z" finished-at="2021-04-12T12:35:49Z">
          <reporter-output>
          </reporter-output>
        </test-method> <!-- afterSuite -->
      </class> <!-- tests.LoginTest -->
    </test> <!-- Default test -->
  </suite> <!-- Default suite -->
</testng-results>
